10074: 00003197 AUIPC gp, 3
10078: 79C18193 ADDI gp, gp, 1948
1007C: 04418513 ADDI a0, gp, 68
10080: 09C18613 ADDI a2, gp, 156
10084: 40A60633 SUB a2, a2, a0
10088: 00000593 ADDI a1, zero, 0
1008C: 28C000EF JAL ra, 652
10318: 00F00313 ADDI t1, zero, 15
1031C: 00050713 ADDI a4, a0, 0
10320: 02C37E63 BGEU a2, t1, 60
10324: 00F77793 ANDI a5, a4, 15
10328: 0A079063 BNE zero, a5, 160
103C8: 00279693 SLLI a3, a5, 2
103CC: 00000297 AUIPC t0, 0
103D0: 005686B3 ADD a3, a3, t0
103D4: 00008293 ADDI t0, ra, 0
103D8: FA0680E7 JALR ra, a3, -96
1037C: 00B705A3 SB a1, 11(a4)
10380: 00B70523 SB a1, 10(a4)
10384: 00B704A3 SB a1, 9(a4)
10388: 00B70423 SB a1, 8(a4)
1038C: 00B703A3 SB a1, 7(a4)
10390: 00B70323 SB a1, 6(a4)
10394: 00B702A3 SB a1, 5(a4)
10398: 00B70223 SB a1, 4(a4)
1039C: 00B701A3 SB a1, 3(a4)
103A0: 00B70123 SB a1, 2(a4)
103A4: 00B700A3 SB a1, 1(a4)
103A8: 00B70023 SB a1, 0(a4)
103AC: 00008067 JALR zero, ra, 0
103DC: 00028093 ADDI ra, t0, 0
103E0: FF078793 ADDI a5, a5, -16
103E4: 40F70733 SUB a4, a4, a5
103E8: 00F60633 ADD a2, a2, a5
103EC: F6C378E3 BGEU a2, t1, -144
103F0: F3DFF06F JAL zero, -196
1032C: 08059263 BNE zero, a1, 132
10330: FF067693 ANDI a3, a2, -16
10334: 00F67613 ANDI a2, a2, 15
10338: 00E686B3 ADD a3, a3, a4
1033C: 00B72023 SW a1, 0(a4)
10340: 00B72223 SW a1, 4(a4)
10344: 00B72423 SW a1, 8(a4)
10348: 00B72623 SW a1, 12(a4)
1034C: 01070713 ADDI a4, a4, 16
10350: FED766E3 BLTU a3, a4, -20
1033C: 00B72023 SW a1, 0(a4)
10340: 00B72223 SW a1, 4(a4)
10344: 00B72423 SW a1, 8(a4)
10348: 00B72623 SW a1, 12(a4)
1034C: 01070713 ADDI a4, a4, 16
10350: FED766E3 BLTU a3, a4, -20
1033C: 00B72023 SW a1, 0(a4)
10340: 00B72223 SW a1, 4(a4)
10344: 00B72423 SW a1, 8(a4)
10348: 00B72623 SW a1, 12(a4)
1034C: 01070713 ADDI a4, a4, 16
10350: FED766E3 BLTU a3, a4, -20
1033C: 00B72023 SW a1, 0(a4)
10340: 00B72223 SW a1, 4(a4)
10344: 00B72423 SW a1, 8(a4)
10348: 00B72623 SW a1, 12(a4)
1034C: 01070713 ADDI a4, a4, 16
10350: FED766E3 BLTU a3, a4, -20
10354: 00061463 BNE zero, a2, 8
1035C: 40C306B3 SUB a3, t1, a2
10360: 00269693 SLLI a3, a3, 2
10364: 00000297 AUIPC t0, 0
10368: 005686B3 ADD a3, a3, t0
1036C: 00C68067 JALR zero, a3, 12
1037C: 00B705A3 SB a1, 11(a4)
10380: 00B70523 SB a1, 10(a4)
10384: 00B704A3 SB a1, 9(a4)
10388: 00B70423 SB a1, 8(a4)
1038C: 00B703A3 SB a1, 7(a4)
10390: 00B70323 SB a1, 6(a4)
10394: 00B702A3 SB a1, 5(a4)
10398: 00B70223 SB a1, 4(a4)
1039C: 00B701A3 SB a1, 3(a4)
103A0: 00B70123 SB a1, 2(a4)
103A4: 00B700A3 SB a1, 1(a4)
103A8: 00B70023 SB a1, 0(a4)
103AC: 00008067 JALR zero, ra, 0
10090: 00000517 AUIPC a0, 0
10094: 18450513 ADDI a0, a0, 388
10098: 138000EF JAL ra, 312
101D0: 00050593 ADDI a1, a0, 0
101D4: 00000693 ADDI a3, zero, 0
101D8: 00000613 ADDI a2, zero, 0
101DC: 00000513 ADDI a0, zero, 0
101E0: 3040006F JAL zero, 772
104E4: 0301A703 LW a4, 48(gp)
104E8: 00050313 ADDI t1, a0, 0
104EC: 14872783 LW a5, 328(a4)
104F0: 00079663 BNE zero, a5, 12
104F4: 14C70793 ADDI a5, a4, 332
104F8: 14F72423 SW a5, 328(a4)
104FC: 0047A703 LW a4, 4(a5)
10500: 01F00813 ADDI a6, zero, 31
10504: FFF00513 ADDI a0, zero, -1
10508: 04E84A63 BLT a4, a6, 84
1050C: 00271893 SLLI a7, a4, 2
10510: 02030C63 BEQ zero, t1, 56
10548: 00170713 ADDI a4, a4, 1
1054C: 00E7A223 SW a4, 4(a5)
10550: 011787B3 ADD a5, a5, a7
10554: 00B7A423 SW a1, 8(a5)
10558: 00000513 ADDI a0, zero, 0
1055C: 00008067 JALR zero, ra, 0
1009C: 1D4000EF JAL ra, 468
10270: FF010113 ADDI sp, sp, -16
10274: 000137B7 LUI a5, 19
10278: 00812423 SW s0, 8(sp)
1027C: 00013437 LUI s0, 19
10280: 00478713 ADDI a4, a5, 4
10284: 00440413 ADDI s0, s0, 4
10288: 40E40433 SUB s0, s0, a4
1028C: 00912223 SW s1, 4(sp)
10290: 01212023 SW s2, 0(sp)
10294: 00112623 SW ra, 12(sp)
10298: 40245413 SRAI s0, s0, 1026
1029C: 00000493 ADDI s1, zero, 0
102A0: 00478913 ADDI s2, a5, 4
102A4: 04849263 BNE s0, s1, 68
102A8: E0DFF0EF JAL ra, -500
100B4: 00008067 JALR zero, ra, 0
102AC: 000137B7 LUI a5, 19
102B0: 00013437 LUI s0, 19
102B4: 00478713 ADDI a4, a5, 4
102B8: 00840413 ADDI s0, s0, 8
102BC: 40E40433 SUB s0, s0, a4
102C0: 40245413 SRAI s0, s0, 1026
102C4: 00000493 ADDI s1, zero, 0
102C8: 00478913 ADDI s2, a5, 4
102CC: 02849A63 BNE s0, s1, 52
10300: 00249793 SLLI a5, s1, 2
10304: 00F907B3 ADD a5, s2, a5
10308: 0007A783 LW a5, 0(a5)
1030C: 00148493 ADDI s1, s1, 1
10310: 000780E7 JALR ra, a5, 0
10168: 000007B7 LUI a5, 0
1016C: 00078793 ADDI a5, a5, 0
10170: 02078463 BEQ zero, a5, 40
10198: F45FF06F JAL zero, -188
100DC: 03018593 ADDI a1, gp, 48
100E0: 03018793 ADDI a5, gp, 48
100E4: 40F585B3 SUB a1, a1, a5
100E8: 4025D593 SRAI a1, a1, 1026
100EC: 01F5D793 SRLI a5, a1, 31
100F0: 00B785B3 ADD a1, a5, a1
100F4: 4015D593 SRAI a1, a1, 1025
100F8: 00058C63 BEQ zero, a1, 24
10110: 00008067 JALR zero, ra, 0
10314: FB9FF06F JAL zero, -72
102CC: 02849A63 BNE s0, s1, 52
102D0: 00C12083 LW ra, 12(sp)
102D4: 00812403 LW s0, 8(sp)
102D8: 00412483 LW s1, 4(sp)
102DC: 00012903 LW s2, 0(sp)
102E0: 01010113 ADDI sp, sp, 16
102E4: 00008067 JALR zero, ra, 0
100A0: 00012503 LW a0, 0(sp)
100A4: 00410593 ADDI a1, sp, 4
100A8: 00000613 ADDI a2, zero, 0
100AC: 0F0000EF JAL ra, 240
1019C: FF010113 ADDI sp, sp, -16
101A0: 00112623 SW ra, 12(sp)
101A4: 00812423 SW s0, 8(sp)
101A8: 01010413 ADDI s0, sp, 16
101AC: 000137B7 LUI a5, 19
101B0: E5878513 ADDI a0, a5, -424
101B4: 308000EF JAL ra, 776
104BC: 00050593 ADDI a1, a0, 0
104C0: 0381A503 LW a0, 56(gp)
104C4: F31FF06F JAL zero, -208
103F4: FC010113 ADDI sp, sp, -64
103F8: 02812C23 SW s0, 56(sp)
103FC: 00050413 ADDI s0, a0, 0
10400: 00058513 ADDI a0, a1, 0
10404: 00B12623 SW a1, 12(sp)
10408: 02112E23 SW ra, 60(sp)
1040C: 0BC000EF JAL ra, 188
104C8: 00050793 ADDI a5, a0, 0
104CC: 00178793 ADDI a5, a5, 1
104D0: FFF7C703 LBU a4, -1(a5)
104D4: FE071CE3 BNE zero, a4, -8
104CC: 00178793 ADDI a5, a5, 1
104D0: FFF7C703 LBU a4, -1(a5)
104D4: FE071CE3 BNE zero, a4, -8
104CC: 00178793 ADDI a5, a5, 1
104D0: FFF7C703 LBU a4, -1(a5)
104D4: FE071CE3 BNE zero, a4, -8
104CC: 00178793 ADDI a5, a5, 1
104D0: FFF7C703 LBU a4, -1(a5)
104D4: FE071CE3 BNE zero, a4, -8
104CC: 00178793 ADDI a5, a5, 1
104D0: FFF7C703 LBU a4, -1(a5)
104D4: FE071CE3 BNE zero, a4, -8
104CC: 00178793 ADDI a5, a5, 1
104D0: FFF7C703 LBU a4, -1(a5)
104D4: FE071CE3 BNE zero, a4, -8
104CC: 00178793 ADDI a5, a5, 1
104D0: FFF7C703 LBU a4, -1(a5)
104D4: FE071CE3 BNE zero, a4, -8
104CC: 00178793 ADDI a5, a5, 1
104D0: FFF7C703 LBU a4, -1(a5)
104D4: FE071CE3 BNE zero, a4, -8
104CC: 00178793 ADDI a5, a5, 1
104D0: FFF7C703 LBU a4, -1(a5)
104D4: FE071CE3 BNE zero, a4, -8
104CC: 00178793 ADDI a5, a5, 1
104D0: FFF7C703 LBU a4, -1(a5)
104D4: FE071CE3 BNE zero, a4, -8
104CC: 00178793 ADDI a5, a5, 1
104D0: FFF7C703 LBU a4, -1(a5)
104D4: FE071CE3 BNE zero, a4, -8
104CC: 00178793 ADDI a5, a5, 1
104D0: FFF7C703 LBU a4, -1(a5)
104D4: FE071CE3 BNE zero, a4, -8
104D8: 40A78533 SUB a0, a5, a0
104DC: FFF50513 ADDI a0, a0, -1
104E0: 00008067 JALR zero, ra, 0
10410: 000137B7 LUI a5, 19
10414: E6478793 ADDI a5, a5, -412
10418: 02F12423 SW a5, 40(sp)
1041C: 00100793 ADDI a5, zero, 1
10420: 02F12623 SW a5, 44(sp)
10424: 02010793 ADDI a5, sp, 32
10428: 00C12583 LW a1, 12(sp)
1042C: 00F12A23 SW a5, 20(sp)
10430: 00200793 ADDI a5, zero, 2
10434: 00F12C23 SW a5, 24(sp)
10438: 03842783 LW a5, 56(s0)
1043C: 02A12223 SW a0, 36(sp)
10440: 00150513 ADDI a0, a0, 1
10444: 02B12023 SW a1, 32(sp)
10448: 00A12E23 SW a0, 28(sp)
1044C: 00842583 LW a1, 8(s0)
10450: 00079A63 BNE zero, a5, 20
10454: 00040513 ADDI a0, s0, 0
10458: 00B12623 SW a1, 12(sp)
1045C: 334000EF JAL ra, 820
10790: 03852783 LW a5, 56(a0)
10794: 06079E63 BNE zero, a5, 124
10798: FF010113 ADDI sp, sp, -16
1079C: 000107B7 LUI a5, 16
107A0: 00112623 SW ra, 12(sp)
107A4: 00812423 SW s0, 8(sp)
107A8: 6FC78793 ADDI a5, a5, 1788
107AC: 02F52E23 SW a5, 60(a0)
107B0: 00300793 ADDI a5, zero, 3
107B4: 2EF52223 SW a5, 740(a0)
107B8: 2EC50793 ADDI a5, a0, 748
107BC: 00050413 ADDI s0, a0, 0
107C0: 2EF52423 SW a5, 744(a0)
107C4: 2E052023 SW zero, 736(a0)
107C8: 00452503 LW a0, 4(a0)
107CC: 00000613 ADDI a2, zero, 0
107D0: 00400593 ADDI a1, zero, 4
107D4: EA1FF0EF JAL ra, -352
10674: FF010113 ADDI sp, sp, -16
10678: 00812423 SW s0, 8(sp)
1067C: 00112623 SW ra, 12(sp)
10680: 00050413 ADDI s0, a0, 0
10684: 00B51623 SH a1, 12(a0)
10688: 00C51723 SH a2, 14(a0)
1068C: 00052023 SW zero, 0(a0)
10690: 00052223 SW zero, 4(a0)
10694: 00052423 SW zero, 8(a0)
10698: 06052223 SW zero, 100(a0)
1069C: 00052823 SW zero, 16(a0)
106A0: 00052A23 SW zero, 20(a0)
106A4: 00052C23 SW zero, 24(a0)
106A8: 00800613 ADDI a2, zero, 8
106AC: 00000593 ADDI a1, zero, 0
106B0: 05C50513 ADDI a0, a0, 92
106B4: C65FF0EF JAL ra, -924
10318: 00F00313 ADDI t1, zero, 15
1031C: 00050713 ADDI a4, a0, 0
10320: 02C37E63 BGEU a2, t1, 60
1035C: 40C306B3 SUB a3, t1, a2
10360: 00269693 SLLI a3, a3, 2
10364: 00000297 AUIPC t0, 0
10368: 005686B3 ADD a3, a3, t0
1036C: 00C68067 JALR zero, a3, 12
1038C: 00B703A3 SB a1, 7(a4)
10390: 00B70323 SB a1, 6(a4)
10394: 00B702A3 SB a1, 5(a4)
10398: 00B70223 SB a1, 4(a4)
1039C: 00B701A3 SB a1, 3(a4)
103A0: 00B70123 SB a1, 2(a4)
103A4: 00B700A3 SB a1, 1(a4)
103A8: 00B70023 SB a1, 0(a4)
103AC: 00008067 JALR zero, ra, 0
106B8: 000127B7 LUI a5, 18
106BC: C3478793 ADDI a5, a5, -972
106C0: 02F42023 SW a5, 32(s0)
106C4: 000127B7 LUI a5, 18
106C8: C8C78793 ADDI a5, a5, -884
106CC: 02F42223 SW a5, 36(s0)
106D0: 000127B7 LUI a5, 18
106D4: D1078793 ADDI a5, a5, -752
106D8: 02F42423 SW a5, 40(s0)
106DC: 000127B7 LUI a5, 18
106E0: D6878793 ADDI a5, a5, -664
106E4: 00842E23 SW s0, 28(s0)
106E8: 02F42623 SW a5, 44(s0)
106EC: 00C12083 LW ra, 12(sp)
106F0: 00812403 LW s0, 8(sp)
106F4: 01010113 ADDI sp, sp, 16
106F8: 00008067 JALR zero, ra, 0
107D8: 00842503 LW a0, 8(s0)
107DC: 00100613 ADDI a2, zero, 1
107E0: 00900593 ADDI a1, zero, 9
107E4: E91FF0EF JAL ra, -368
10674: FF010113 ADDI sp, sp, -16
10678: 00812423 SW s0, 8(sp)
1067C: 00112623 SW ra, 12(sp)
10680: 00050413 ADDI s0, a0, 0
10684: 00B51623 SH a1, 12(a0)
10688: 00C51723 SH a2, 14(a0)
1068C: 00052023 SW zero, 0(a0)
10690: 00052223 SW zero, 4(a0)
10694: 00052423 SW zero, 8(a0)
10698: 06052223 SW zero, 100(a0)
1069C: 00052823 SW zero, 16(a0)
106A0: 00052A23 SW zero, 20(a0)
106A4: 00052C23 SW zero, 24(a0)
106A8: 00800613 ADDI a2, zero, 8
106AC: 00000593 ADDI a1, zero, 0
106B0: 05C50513 ADDI a0, a0, 92
106B4: C65FF0EF JAL ra, -924
10318: 00F00313 ADDI t1, zero, 15
1031C: 00050713 ADDI a4, a0, 0
10320: 02C37E63 BGEU a2, t1, 60
1035C: 40C306B3 SUB a3, t1, a2
10360: 00269693 SLLI a3, a3, 2
10364: 00000297 AUIPC t0, 0
10368: 005686B3 ADD a3, a3, t0
1036C: 00C68067 JALR zero, a3, 12
1038C: 00B703A3 SB a1, 7(a4)
10390: 00B70323 SB a1, 6(a4)
10394: 00B702A3 SB a1, 5(a4)
10398: 00B70223 SB a1, 4(a4)
1039C: 00B701A3 SB a1, 3(a4)
103A0: 00B70123 SB a1, 2(a4)
103A4: 00B700A3 SB a1, 1(a4)
103A8: 00B70023 SB a1, 0(a4)
103AC: 00008067 JALR zero, ra, 0
106B8: 000127B7 LUI a5, 18
106BC: C3478793 ADDI a5, a5, -972
106C0: 02F42023 SW a5, 32(s0)
106C4: 000127B7 LUI a5, 18
106C8: C8C78793 ADDI a5, a5, -884
106CC: 02F42223 SW a5, 36(s0)
106D0: 000127B7 LUI a5, 18
106D4: D1078793 ADDI a5, a5, -752
106D8: 02F42423 SW a5, 40(s0)
106DC: 000127B7 LUI a5, 18
106E0: D6878793 ADDI a5, a5, -664
106E4: 00842E23 SW s0, 28(s0)
106E8: 02F42623 SW a5, 44(s0)
106EC: 00C12083 LW ra, 12(sp)
106F0: 00812403 LW s0, 8(sp)
106F4: 01010113 ADDI sp, sp, 16
106F8: 00008067 JALR zero, ra, 0
107E8: 00C42503 LW a0, 12(s0)
107EC: 00200613 ADDI a2, zero, 2
107F0: 01200593 ADDI a1, zero, 18
107F4: E81FF0EF JAL ra, -384
10674: FF010113 ADDI sp, sp, -16
10678: 00812423 SW s0, 8(sp)
1067C: 00112623 SW ra, 12(sp)
10680: 00050413 ADDI s0, a0, 0
10684: 00B51623 SH a1, 12(a0)
10688: 00C51723 SH a2, 14(a0)
1068C: 00052023 SW zero, 0(a0)
10690: 00052223 SW zero, 4(a0)
10694: 00052423 SW zero, 8(a0)
10698: 06052223 SW zero, 100(a0)
1069C: 00052823 SW zero, 16(a0)
106A0: 00052A23 SW zero, 20(a0)
106A4: 00052C23 SW zero, 24(a0)
106A8: 00800613 ADDI a2, zero, 8
106AC: 00000593 ADDI a1, zero, 0
106B0: 05C50513 ADDI a0, a0, 92
106B4: C65FF0EF JAL ra, -924
10318: 00F00313 ADDI t1, zero, 15
1031C: 00050713 ADDI a4, a0, 0
10320: 02C37E63 BGEU a2, t1, 60
1035C: 40C306B3 SUB a3, t1, a2
10360: 00269693 SLLI a3, a3, 2
10364: 00000297 AUIPC t0, 0
10368: 005686B3 ADD a3, a3, t0
1036C: 00C68067 JALR zero, a3, 12
1038C: 00B703A3 SB a1, 7(a4)
10390: 00B70323 SB a1, 6(a4)
10394: 00B702A3 SB a1, 5(a4)
10398: 00B70223 SB a1, 4(a4)
1039C: 00B701A3 SB a1, 3(a4)
103A0: 00B70123 SB a1, 2(a4)
103A4: 00B700A3 SB a1, 1(a4)
103A8: 00B70023 SB a1, 0(a4)
103AC: 00008067 JALR zero, ra, 0
106B8: 000127B7 LUI a5, 18
106BC: C3478793 ADDI a5, a5, -972
106C0: 02F42023 SW a5, 32(s0)
106C4: 000127B7 LUI a5, 18
106C8: C8C78793 ADDI a5, a5, -884
106CC: 02F42223 SW a5, 36(s0)
106D0: 000127B7 LUI a5, 18
106D4: D1078793 ADDI a5, a5, -752
106D8: 02F42423 SW a5, 40(s0)
106DC: 000127B7 LUI a5, 18
106E0: D6878793 ADDI a5, a5, -664
106E4: 00842E23 SW s0, 28(s0)
106E8: 02F42623 SW a5, 44(s0)
106EC: 00C12083 LW ra, 12(sp)
106F0: 00812403 LW s0, 8(sp)
106F4: 01010113 ADDI sp, sp, 16
106F8: 00008067 JALR zero, ra, 0
107F8: 00100793 ADDI a5, zero, 1
107FC: 02F42C23 SW a5, 56(s0)
10800: 00C12083 LW ra, 12(sp)
10804: 00812403 LW s0, 8(sp)
10808: 01010113 ADDI sp, sp, 16
1080C: 00008067 JALR zero, ra, 0
10460: 00C12583 LW a1, 12(sp)
10464: 00C59783 LH a5, 12(a1)
10468: 01279713 SLLI a4, a5, 18
1046C: 02074263 BLT zero, a4, 36
10470: 000026B7 LUI a3, 2
10474: 0645A703 LW a4, 100(a1)
10478: 00D7E7B3 OR a5, a5, a3
1047C: 00F59623 SH a5, 12(a1)
10480: FFFFE7B7 LUI a5, 1048574
10484: FFF78793 ADDI a5, a5, -1
10488: 00F777B3 AND a5, a4, a5
1048C: 06F5A223 SW a5, 100(a1)
10490: 01410613 ADDI a2, sp, 20
10494: 00040513 ADDI a0, s0, 0
10498: 494000EF JAL ra, 1172
1092C: 00862783 LW a5, 8(a2)
10930: 00079863 BNE zero, a5, 16
10940: 00C5D783 LHU a5, 12(a1)
10944: FC010113 ADDI sp, sp, -64
10948: 02812C23 SW s0, 56(sp)
1094C: 03212823 SW s2, 48(sp)
10950: 03612023 SW s6, 32(sp)
10954: 02112E23 SW ra, 60(sp)
10958: 02912A23 SW s1, 52(sp)
1095C: 03312623 SW s3, 44(sp)
10960: 03412423 SW s4, 40(sp)
10964: 03512223 SW s5, 36(sp)
10968: 01712E23 SW s7, 28(sp)
1096C: 01812C23 SW s8, 24(sp)
10970: 01912A23 SW s9, 20(sp)
10974: 01A12823 SW s10, 16(sp)
10978: 01B12623 SW s11, 12(sp)
1097C: 0087F793 ANDI a5, a5, 8
10980: 00060B13 ADDI s6, a2, 0
10984: 00058413 ADDI s0, a1, 0
10988: 00050913 ADDI s2, a0, 0
1098C: 0E078263 BEQ zero, a5, 228
10990: 0105A783 LW a5, 16(a1)
10994: 0C078E63 BEQ zero, a5, 220
10A70: 00040593 ADDI a1, s0, 0
10A74: 00090513 ADDI a0, s2, 0
10A78: 348010EF JAL ra, 4936
11DC0: FF010113 ADDI sp, sp, -16
11DC4: 00912223 SW s1, 4(sp)
11DC8: 00050493 ADDI s1, a0, 0
11DCC: 0381A503 LW a0, 56(gp)
11DD0: 00812423 SW s0, 8(sp)
11DD4: 00112623 SW ra, 12(sp)
11DD8: 00058413 ADDI s0, a1, 0
11DDC: 00050863 BEQ zero, a0, 16
11DE0: 03852783 LW a5, 56(a0)
11DE4: 00079463 BNE zero, a5, 8
11DEC: 00C41703 LH a4, 12(s0)
11DF0: 01071793 SLLI a5, a4, 16
11DF4: 0107D793 SRLI a5, a5, 16
11DF8: 0087F693 ANDI a3, a5, 8
11DFC: 06069E63 BNE zero, a3, 124
11E78: 01042783 LW a5, 16(s0)
11E7C: 02079063 BNE zero, a5, 32
11E80: 00C45783 LHU a5, 12(s0)
11E84: 20000713 ADDI a4, zero, 512
11E88: 2807F793 ANDI a5, a5, 640
11E8C: 00E78863 BEQ a4, a5, 16
11E90: 00040593 ADDI a1, s0, 0
11E94: 00048513 ADDI a0, s1, 0
11E98: 051000EF JAL ra, 2128
126E8: 00C5D783 LHU a5, 12(a1)
126EC: FE010113 ADDI sp, sp, -32
126F0: 00812C23 SW s0, 24(sp)
126F4: 00112E23 SW ra, 28(sp)
126F8: 00912A23 SW s1, 20(sp)
126FC: 01212823 SW s2, 16(sp)
12700: 0027F793 ANDI a5, a5, 2
12704: 00058413 ADDI s0, a1, 0
12708: 02078863 BEQ zero, a5, 48
12738: 00C10693 ADDI a3, sp, 12
1273C: 00810613 ADDI a2, sp, 8
12740: 00050493 ADDI s1, a0, 0
12744: F09FF0EF JAL ra, -248
1264C: F8010113 ADDI sp, sp, -128
12650: 06912A23 SW s1, 116(sp)
12654: 00058493 ADDI s1, a1, 0
12658: 00E59583 LH a1, 14(a1)
1265C: 06812C23 SW s0, 120(sp)
12660: 06112E23 SW ra, 124(sp)
12664: 00060413 ADDI s0, a2, 0
12668: 0005DE63 BGE zero, a1, 28
12684: 01810613 ADDI a2, sp, 24
12688: 00D12623 SW a3, 12(sp)
1268C: 2EC000EF JAL ra, 748
12978: FF010113 ADDI sp, sp, -16
1297C: 00812423 SW s0, 8(sp)
12980: 00912223 SW s1, 4(sp)
12984: 00050493 ADDI s1, a0, 0
12988: 00058513 ADDI a0, a1, 0
1298C: 00060593 ADDI a1, a2, 0
12990: 00112623 SW ra, 12(sp)
12994: 0801AC23 SW zero, 152(gp)
12998: 10C000EF JAL ra, 268
12AA4: F7010113 ADDI sp, sp, -144
12AA8: 08912223 SW s1, 132(sp)
12AAC: 08112623 SW ra, 140(sp)
12AB0: 00058493 ADDI s1, a1, 0
12AB4: 08812423 SW s0, 136(sp)
12AB8: 00010593 ADDI a1, sp, 0
12ABC: 00000613 ADDI a2, zero, 0
12AC0: 00000693 ADDI a3, zero, 0
12AC4: 00000713 ADDI a4, zero, 0
12AC8: 00000793 ADDI a5, zero, 0
12ACC: 05000893 ADDI a7, zero, 80
12AD0: 00000073 ECALL
12AD4: 00050413 ADDI s0, a0, 0
12AD8: 00055A63 BGE zero, a0, 20
12AEC: 00048513 ADDI a0, s1, 0
12AF0: 00010593 ADDI a1, sp, 0
12AF4: 200000EF JAL ra, 512
12CF4: 0005A783 LW a5, 0(a1)
12CF8: 0485A703 LW a4, 72(a1)
12CFC: 00F51023 SH a5, 0(a0)
12D00: 0085A783 LW a5, 8(a1)
12D04: 00F51123 SH a5, 2(a0)
12D08: 0105A783 LW a5, 16(a1)
12D0C: 00F52223 SW a5, 4(a0)
12D10: 0145A783 LW a5, 20(a1)
12D14: 00F51423 SH a5, 8(a0)
12D18: 0185A783 LW a5, 24(a1)
12D1C: 00F51523 SH a5, 10(a0)
12D20: 01C5A783 LW a5, 28(a1)
12D24: 00F51623 SH a5, 12(a0)
12D28: 0205A783 LW a5, 32(a1)
12D2C: 00F51723 SH a5, 14(a0)
12D30: 0305A783 LW a5, 48(a1)
12D34: 00F52823 SW a5, 16(a0)
12D38: 0405A783 LW a5, 64(a1)
12D3C: 04F52423 SW a5, 72(a0)
12D40: 0385A783 LW a5, 56(a1)
12D44: 04F52223 SW a5, 68(a0)
12D48: 04C5A783 LW a5, 76(a1)
12D4C: 00E52C23 SW a4, 24(a0)
12D50: 0585A703 LW a4, 88(a1)
12D54: 00F52E23 SW a5, 28(a0)
12D58: 05C5A783 LW a5, 92(a1)
12D5C: 02E52423 SW a4, 40(a0)
12D60: 0685A703 LW a4, 104(a1)
12D64: 02F52623 SW a5, 44(a0)
12D68: 06C5A783 LW a5, 108(a1)
12D6C: 02E52C23 SW a4, 56(a0)
12D70: 02F52E23 SW a5, 60(a0)
12D74: 00008067 JALR zero, ra, 0
12AF8: 00040513 ADDI a0, s0, 0
12AFC: 08C12083 LW ra, 140(sp)
12B00: 08812403 LW s0, 136(sp)
12B04: 08412483 LW s1, 132(sp)
12B08: 09010113 ADDI sp, sp, 144
12B0C: 00008067 JALR zero, ra, 0
1299C: FFF00793 ADDI a5, zero, -1
129A0: 00F51863 BNE a5, a0, 16
129B0: 00C12083 LW ra, 12(sp)
129B4: 00812403 LW s0, 8(sp)
129B8: 00412483 LW s1, 4(sp)
129BC: 01010113 ADDI sp, sp, 16
129C0: 00008067 JALR zero, ra, 0
12690: 00C12683 LW a3, 12(sp)
12694: FC054CE3 BLT zero, a0, -40
12698: 01C12703 LW a4, 28(sp)
1269C: 0000F7B7 LUI a5, 15
126A0: 00001537 LUI a0, 1
126A4: 00E7F7B3 AND a5, a5, a4
126A8: FFFFE737 LUI a4, 1048574
126AC: 00E787B3 ADD a5, a5, a4
126B0: 0017B793 SLTIU a5, a5, 1
126B4: 00F6A023 SW a5, 0(a3)
126B8: 40000793 ADDI a5, zero, 1024
126BC: 00F42023 SW a5, 0(s0)
126C0: 80050513 ADDI a0, a0, -2048
126C4: 0100006F JAL zero, 16
126D4: 07C12083 LW ra, 124(sp)
126D8: 07812403 LW s0, 120(sp)
126DC: 07412483 LW s1, 116(sp)
126E0: 08010113 ADDI sp, sp, 128
126E4: 00008067 JALR zero, ra, 0
12748: 00812583 LW a1, 8(sp)
1274C: 00050913 ADDI s2, a0, 0
12750: 00048513 ADDI a0, s1, 0
12754: F8CFE0EF JAL ra, -6260
10EE0: FD010113 ADDI sp, sp, -48
10EE4: 02112623 SW ra, 44(sp)
10EE8: 02812423 SW s0, 40(sp)
10EEC: 02912223 SW s1, 36(sp)
10EF0: 03212023 SW s2, 32(sp)
10EF4: 01312E23 SW s3, 28(sp)
10EF8: 01412C23 SW s4, 24(sp)
10EFC: 01512A23 SW s5, 20(sp)
10F00: 01612823 SW s6, 16(sp)
10F04: 01712623 SW s7, 12(sp)
10F08: 01812423 SW s8, 8(sp)
10F0C: 01912223 SW s9, 4(sp)
10F10: 00B58793 ADDI a5, a1, 11
10F14: 01600713 ADDI a4, zero, 22
10F18: 04F77663 BGEU a5, a4, 76
10F1C: FF87F493 ANDI s1, a5, -8
10F20: 0404D463 BGE zero, s1, 72
10F68: FAB4EEE3 BLTU a1, s1, -68
10F6C: 00050993 ADDI s3, a0, 0
10F70: 720000EF JAL ra, 1824
11690: 00008067 JALR zero, ra, 0
10F74: 1F700793 ADDI a5, zero, 503
10F78: C2818913 ADDI s2, gp, -984
10F7C: 0497EA63 BLTU s1, a5, 84
10FD0: 0094D713 SRLI a4, s1, 9
10FD4: 03F00793 ADDI a5, zero, 63
10FD8: 00070A63 BEQ zero, a4, 20
10FDC: 00400793 ADDI a5, zero, 4
10FE0: 0AE7E063 BLTU a4, a5, 160
10FE4: 0064D793 SRLI a5, s1, 6
10FE8: 03878793 ADDI a5, a5, 56
10FEC: 00178713 ADDI a4, a5, 1
10FF0: 00371713 SLLI a4, a4, 3
10FF4: 00E90733 ADD a4, s2, a4
10FF8: 00472403 LW s0, 4(a4)
10FFC: FF870593 ADDI a1, a4, -8
11000: 00F00513 ADDI a0, zero, 15
11004: 00B40C63 BEQ a1, s0, 24
1101C: 00178793 ADDI a5, a5, 1
11020: 01092403 LW s0, 16(s2)
11024: 00890693 ADDI a3, s2, 8
11028: C3018593 ADDI a1, gp, -976
1102C: 12D40863 BEQ a3, s0, 304
1115C: 4027D713 SRAI a4, a5, 1026
11160: 00100313 ADDI t1, zero, 1
11164: 00E31333 SLL t1, t1, a4
11168: 00492703 LW a4, 4(s2)
1116C: 06676A63 BLTU t1, a4, 116
111E0: 00892B83 LW s7, 8(s2)
111E4: 004BA403 LW s0, 4(s7)
111E8: FFC47A93 ANDI s5, s0, -4
111EC: 009AE863 BLTU s1, s5, 16
111FC: 04C1A403 LW s0, 76(gp)
11200: 03C1A703 LW a4, 60(gp)
11204: FFF00793 ADDI a5, zero, -1
11208: 015B8CB3 ADD s9, s7, s5
1120C: 00848433 ADD s0, s1, s0
11210: 1EF71263 BNE a5, a4, 484
11214: 01040413 ADDI s0, s0, 16
11218: 00040593 ADDI a1, s0, 0
1121C: 00098513 ADDI a0, s3, 0
11220: 1CD000EF JAL ra, 2508
11BEC: FF010113 ADDI sp, sp, -16
11BF0: 00812423 SW s0, 8(sp)
11BF4: 00912223 SW s1, 4(sp)
11BF8: 00050493 ADDI s1, a0, 0
11BFC: 00058513 ADDI a0, a1, 0
11C00: 00112623 SW ra, 12(sp)
11C04: 0801AC23 SW zero, 152(gp)
11C08: 7D9000EF JAL ra, 4056
12BE0: FF010113 ADDI sp, sp, -16
12BE4: 00812423 SW s0, 8(sp)
12BE8: 0501A783 LW a5, 80(gp)
12BEC: 01212023 SW s2, 0(sp)
12BF0: 00112623 SW ra, 12(sp)
12BF4: 00912223 SW s1, 4(sp)
12BF8: 00050913 ADDI s2, a0, 0
12BFC: 04079A63 BNE zero, a5, 84
12C00: 00000513 ADDI a0, zero, 0
12C04: 00000593 ADDI a1, zero, 0
12C08: 00000613 ADDI a2, zero, 0
12C0C: 00000693 ADDI a3, zero, 0
12C10: 00000713 ADDI a4, zero, 0
12C14: 0D600893 ADDI a7, zero, 214
12C18: 00000073 ECALL
12C1C: 00050493 ADDI s1, a0, 0
12C20: 02055663 BGE zero, a0, 44
12C4C: 04A1A823 SW a0, 80(gp)
12C50: 0501A503 LW a0, 80(gp)
12C54: 00000593 ADDI a1, zero, 0
12C58: 00000613 ADDI a2, zero, 0
12C5C: 00A90533 ADD a0, s2, a0
12C60: 00000693 ADDI a3, zero, 0
12C64: 00000713 ADDI a4, zero, 0
12C68: 00000793 ADDI a5, zero, 0
12C6C: 0D600893 ADDI a7, zero, 214
12C70: 00000073 ECALL
12C74: 00050493 ADDI s1, a0, 0
12C78: 00055A63 BGE zero, a0, 20
12C8C: 0501A783 LW a5, 80(gp)
12C90: FFF00513 ADDI a0, zero, -1
12C94: 00F90933 ADD s2, s2, a5
12C98: F9249EE3 BNE s2, s1, -100
12C9C: 0491A823 SW s1, 80(gp)
12CA0: 00078513 ADDI a0, a5, 0
12CA4: F91FF06F JAL zero, -112
12C34: 00C12083 LW ra, 12(sp)
12C38: 00812403 LW s0, 8(sp)
12C3C: 00412483 LW s1, 4(sp)
12C40: 00012903 LW s2, 0(sp)
12C44: 01010113 ADDI sp, sp, 16
12C48: 00008067 JALR zero, ra, 0
11C0C: FFF00793 ADDI a5, zero, -1
11C10: 00F51863 BNE a5, a0, 16
11C20: 00C12083 LW ra, 12(sp)
11C24: 00812403 LW s0, 8(sp)
11C28: 00412483 LW s1, 4(sp)
11C2C: 01010113 ADDI sp, sp, 16
11C30: 00008067 JALR zero, ra, 0
11224: FFF00793 ADDI a5, zero, -1
11228: 00050B13 ADDI s6, a0, 0
1122C: 28F50063 BEQ a5, a0, 640
11230: 01957463 BGEU s9, a0, 8
11234: 272B9C63 BNE s2, s7, 632
11238: 07018693 ADDI a3, gp, 112
1123C: 0006A703 LW a4, 0(a3)
11240: 07018C13 ADDI s8, gp, 112
11244: 00E40733 ADD a4, s0, a4
11248: 00E6A023 SW a4, 0(a3)
1124C: 1D6C9063 BNE s6, s9, 448
1140C: 03C1A683 LW a3, 60(gp)
11410: FFF00793 ADDI a5, zero, -1
11414: 0CF69063 BNE a5, a3, 192
11418: 0361AE23 SW s6, 60(gp)
1141C: 007B7C93 ANDI s9, s6, 7
11420: 00000793 ADDI a5, zero, 0
11424: 000C8863 BEQ zero, s9, 16
11434: 00001537 LUI a0, 1
11438: 00A78A33 ADD s4, a5, a0
1143C: 008B0433 ADD s0, s6, s0
11440: FFF50513 ADDI a0, a0, -1
11444: 00A477B3 AND a5, s0, a0
11448: 40FA0A33 SUB s4, s4, a5
1144C: 00AA7A33 AND s4, s4, a0
11450: 000A0593 ADDI a1, s4, 0
11454: 00098513 ADDI a0, s3, 0
11458: 794000EF JAL ra, 1940
11BEC: FF010113 ADDI sp, sp, -16
11BF0: 00812423 SW s0, 8(sp)
11BF4: 00912223 SW s1, 4(sp)
11BF8: 00050493 ADDI s1, a0, 0
11BFC: 00058513 ADDI a0, a1, 0
11C00: 00112623 SW ra, 12(sp)
11C04: 0801AC23 SW zero, 152(gp)
11C08: 7D9000EF JAL ra, 4056
12BE0: FF010113 ADDI sp, sp, -16
12BE4: 00812423 SW s0, 8(sp)
12BE8: 0501A783 LW a5, 80(gp)
12BEC: 01212023 SW s2, 0(sp)
12BF0: 00112623 SW ra, 12(sp)
12BF4: 00912223 SW s1, 4(sp)
12BF8: 00050913 ADDI s2, a0, 0
12BFC: 04079A63 BNE zero, a5, 84
12C50: 0501A503 LW a0, 80(gp)
12C54: 00000593 ADDI a1, zero, 0
12C58: 00000613 ADDI a2, zero, 0
12C5C: 00A90533 ADD a0, s2, a0
12C60: 00000693 ADDI a3, zero, 0
12C64: 00000713 ADDI a4, zero, 0
12C68: 00000793 ADDI a5, zero, 0
12C6C: 0D600893 ADDI a7, zero, 214
12C70: 00000073 ECALL
12C74: 00050493 ADDI s1, a0, 0
12C78: 00055A63 BGE zero, a0, 20
12C8C: 0501A783 LW a5, 80(gp)
12C90: FFF00513 ADDI a0, zero, -1
12C94: 00F90933 ADD s2, s2, a5
12C98: F9249EE3 BNE s2, s1, -100
12C9C: 0491A823 SW s1, 80(gp)
12CA0: 00078513 ADDI a0, a5, 0
12CA4: F91FF06F JAL zero, -112
12C34: 00C12083 LW ra, 12(sp)
12C38: 00812403 LW s0, 8(sp)
12C3C: 00412483 LW s1, 4(sp)
12C40: 00012903 LW s2, 0(sp)
12C44: 01010113 ADDI sp, sp, 16
12C48: 00008067 JALR zero, ra, 0
11C0C: FFF00793 ADDI a5, zero, -1
11C10: 00F51863 BNE a5, a0, 16
11C20: 00C12083 LW ra, 12(sp)
11C24: 00812403 LW s0, 8(sp)
11C28: 00412483 LW s1, 4(sp)
11C2C: 01010113 ADDI sp, sp, 16
11C30: 00008067 JALR zero, ra, 0
1145C: FFF00793 ADDI a5, zero, -1
11460: 00F51C63 BNE a5, a0, 24
11478: 000C2783 LW a5, 0(s8)
1147C: 41650533 SUB a0, a0, s6
11480: 01692423 SW s6, 8(s2)
11484: 014787B3 ADD a5, a5, s4
11488: 01450A33 ADD s4, a0, s4
1148C: 001A6A13 ORI s4, s4, 1
11490: 00FC2023 SW a5, 0(s8)
11494: 014B2223 SW s4, 4(s6)
11498: DD2B88E3 BEQ s2, s7, -560
11268: 000C2783 LW a5, 0(s8)
1126C: 0481A683 LW a3, 72(gp)
11270: 00F6F463 BGEU a5, a3, 8
11274: 04F1A423 SW a5, 72(gp)
11278: 0441A683 LW a3, 68(gp)
1127C: 22F6F863 BGEU a5, a3, 560
11280: 04F1A223 SW a5, 68(gp)
11284: 2280006F JAL zero, 552
114AC: 00892783 LW a5, 8(s2)
114B0: 0047A783 LW a5, 4(a5)
114B4: FFC7F793 ANDI a5, a5, -4
114B8: 40978733 SUB a4, a5, s1
114BC: 0097E663 BLTU s1, a5, 12
114C0: 00F00793 ADDI a5, zero, 15
114C4: 04E7CE63 BLT a4, a5, 92
11520: 00892403 LW s0, 8(s2)
11524: 0014E793 ORI a5, s1, 1
11528: 00F42223 SW a5, 4(s0)
1152C: 009407B3 ADD a5, s0, s1
11530: 00F92423 SW a5, 8(s2)
11534: A91FF06F JAL zero, -1392
10FC4: 00176713 ORI a4, a4, 1
10FC8: 00E7A223 SW a4, 4(a5)
10FCC: 0A40006F JAL zero, 164
11070: 00098513 ADDI a0, s3, 0
11074: 620000EF JAL ra, 1568
11694: 00008067 JALR zero, ra, 0
11078: 00840513 ADDI a0, s0, 8
1107C: EB5FF06F JAL zero, -332
10F30: 02C12083 LW ra, 44(sp)
10F34: 02812403 LW s0, 40(sp)
10F38: 02412483 LW s1, 36(sp)
10F3C: 02012903 LW s2, 32(sp)
10F40: 01C12983 LW s3, 28(sp)
10F44: 01812A03 LW s4, 24(sp)
10F48: 01412A83 LW s5, 20(sp)
10F4C: 01012B03 LW s6, 16(sp)
10F50: 00C12B83 LW s7, 12(sp)
10F54: 00812C03 LW s8, 8(sp)
10F58: 00412C83 LW s9, 4(sp)
10F5C: 03010113 ADDI sp, sp, 48
10F60: 00008067 JALR zero, ra, 0
12758: 02051063 BNE zero, a0, 32
12778: 000107B7 LUI a5, 16
1277C: 6FC78793 ADDI a5, a5, 1788
12780: 02F4AE23 SW a5, 60(s1)
12784: 00C45783 LHU a5, 12(s0)
12788: 00A42023 SW a0, 0(s0)
1278C: 00A42823 SW a0, 16(s0)
12790: 0807E793 ORI a5, a5, 128
12794: 00F41623 SH a5, 12(s0)
12798: 00812783 LW a5, 8(sp)
1279C: 00F42A23 SW a5, 20(s0)
127A0: 00C12783 LW a5, 12(sp)
127A4: 02078263 BEQ zero, a5, 36
127C8: 00C45783 LHU a5, 12(s0)
127CC: 00F96933 OR s2, s2, a5
127D0: 01241623 SH s2, 12(s0)
127D4: F4DFF06F JAL zero, -180
12720: 01C12083 LW ra, 28(sp)
12724: 01812403 LW s0, 24(sp)
12728: 01412483 LW s1, 20(sp)
1272C: 01012903 LW s2, 16(sp)
12730: 02010113 ADDI sp, sp, 32
12734: 00008067 JALR zero, ra, 0
11E9C: 00C45783 LHU a5, 12(s0)
11EA0: 0017F713 ANDI a4, a5, 1
11EA4: 02070C63 BEQ zero, a4, 56
11EA8: 01442783 LW a5, 20(s0)
11EAC: 00042423 SW zero, 8(s0)
11EB0: 40F007B3 SUB a5, zero, a5
11EB4: 00F42C23 SW a5, 24(s0)
11EB8: 01042783 LW a5, 16(s0)
11EBC: 00000513 ADDI a0, zero, 0
11EC0: F4079EE3 BNE zero, a5, -164
11E1C: 00C12083 LW ra, 12(sp)
11E20: 00812403 LW s0, 8(sp)
11E24: 00412483 LW s1, 4(sp)
11E28: 01010113 ADDI sp, sp, 16
11E2C: 00008067 JALR zero, ra, 0
10A7C: FFF00793 ADDI a5, zero, -1
10A80: F0050CE3 BEQ zero, a0, -232
10998: 00C45783 LHU a5, 12(s0)
1099C: 000B2A03 LW s4, 0(s6)
109A0: 0027F713 ANDI a4, a5, 2
109A4: 16071A63 BNE zero, a4, 372
109A8: 0017F793 ANDI a5, a5, 1
109AC: 00000B93 ADDI s7, zero, 0
109B0: 20078A63 BEQ zero, a5, 532
109B4: 00000513 ADDI a0, zero, 0
109B8: 00000A93 ADDI s5, zero, 0
109BC: 00000993 ADDI s3, zero, 0
109C0: 36098463 BEQ zero, s3, 872
10D28: 000A2A83 LW s5, 0(s4)
10D2C: 004A2983 LW s3, 4(s4)
10D30: 00000513 ADDI a0, zero, 0
10D34: 008A0A13 ADDI s4, s4, 8
10D38: C89FF06F JAL zero, -888
109C0: 36098463 BEQ zero, s3, 872
109C4: 02051263 BNE zero, a0, 36
109C8: 00098613 ADDI a2, s3, 0
109CC: 00A00593 ADDI a1, zero, 10
109D0: 000A8513 ADDI a0, s5, 0
109D4: 365000EF JAL ra, 2916
11538: 0FF5F593 ANDI a1, a1, 255
1153C: 00C50633 ADD a2, a0, a2
11540: 00C51663 BNE a2, a0, 12
1154C: 00054783 LBU a5, 0(a0)
11550: FEB78CE3 BEQ a1, a5, -8
11554: 00150513 ADDI a0, a0, 1
11558: FE9FF06F JAL zero, -24
11540: 00C51663 BNE a2, a0, 12
1154C: 00054783 LBU a5, 0(a0)
11550: FEB78CE3 BEQ a1, a5, -8
11554: 00150513 ADDI a0, a0, 1
11558: FE9FF06F JAL zero, -24
11540: 00C51663 BNE a2, a0, 12
1154C: 00054783 LBU a5, 0(a0)
11550: FEB78CE3 BEQ a1, a5, -8
11554: 00150513 ADDI a0, a0, 1
11558: FE9FF06F JAL zero, -24
11540: 00C51663 BNE a2, a0, 12
1154C: 00054783 LBU a5, 0(a0)
11550: FEB78CE3 BEQ a1, a5, -8
11554: 00150513 ADDI a0, a0, 1
11558: FE9FF06F JAL zero, -24
11540: 00C51663 BNE a2, a0, 12
1154C: 00054783 LBU a5, 0(a0)
11550: FEB78CE3 BEQ a1, a5, -8
11554: 00150513 ADDI a0, a0, 1
11558: FE9FF06F JAL zero, -24
11540: 00C51663 BNE a2, a0, 12
1154C: 00054783 LBU a5, 0(a0)
11550: FEB78CE3 BEQ a1, a5, -8
11554: 00150513 ADDI a0, a0, 1
11558: FE9FF06F JAL zero, -24
11540: 00C51663 BNE a2, a0, 12
1154C: 00054783 LBU a5, 0(a0)
11550: FEB78CE3 BEQ a1, a5, -8
11554: 00150513 ADDI a0, a0, 1
11558: FE9FF06F JAL zero, -24
11540: 00C51663 BNE a2, a0, 12
1154C: 00054783 LBU a5, 0(a0)
11550: FEB78CE3 BEQ a1, a5, -8
11554: 00150513 ADDI a0, a0, 1
11558: FE9FF06F JAL zero, -24
11540: 00C51663 BNE a2, a0, 12
1154C: 00054783 LBU a5, 0(a0)
11550: FEB78CE3 BEQ a1, a5, -8
11554: 00150513 ADDI a0, a0, 1
11558: FE9FF06F JAL zero, -24
11540: 00C51663 BNE a2, a0, 12
1154C: 00054783 LBU a5, 0(a0)
11550: FEB78CE3 BEQ a1, a5, -8
11554: 00150513 ADDI a0, a0, 1
11558: FE9FF06F JAL zero, -24
11540: 00C51663 BNE a2, a0, 12
1154C: 00054783 LBU a5, 0(a0)
11550: FEB78CE3 BEQ a1, a5, -8
11554: 00150513 ADDI a0, a0, 1
11558: FE9FF06F JAL zero, -24
11540: 00C51663 BNE a2, a0, 12
11544: 00000513 ADDI a0, zero, 0
11548: 00008067 JALR zero, ra, 0
109D8: 00198B93 ADDI s7, s3, 1
109DC: 00050663 BEQ zero, a0, 12
109E8: 000B8C13 ADDI s8, s7, 0
109EC: 0179F463 BGEU s7, s3, 8
109F0: 00098C13 ADDI s8, s3, 0
109F4: 00042503 LW a0, 0(s0)
109F8: 01042783 LW a5, 16(s0)
109FC: 01442683 LW a3, 20(s0)
10A00: 32A7FE63 BGEU a0, a5, 828
10D3C: 02DC4263 BLT a3, s8, 36
10D60: 000C0613 ADDI a2, s8, 0
10D64: 000A8593 ADDI a1, s5, 0
10D68: 0CD000EF JAL ra, 2252
11634: 04A5FA63 BGEU a0, a1, 84
11688: 00000793 ADDI a5, zero, 0
1168C: FF5FF06F JAL zero, -12
11680: FEF616E3 BNE a5, a2, -20
1166C: 00F58733 ADD a4, a1, a5
11670: 00074683 LBU a3, 0(a4)
11674: 00F50733 ADD a4, a0, a5
11678: 00178793 ADDI a5, a5, 1
1167C: 00D70023 SB a3, 0(a4)
11680: FEF616E3 BNE a5, a2, -20
1166C: 00F58733 ADD a4, a1, a5
11670: 00074683 LBU a3, 0(a4)
11674: 00F50733 ADD a4, a0, a5
11678: 00178793 ADDI a5, a5, 1
1167C: 00D70023 SB a3, 0(a4)
11680: FEF616E3 BNE a5, a2, -20
1166C: 00F58733 ADD a4, a1, a5
11670: 00074683 LBU a3, 0(a4)
11674: 00F50733 ADD a4, a0, a5
11678: 00178793 ADDI a5, a5, 1
1167C: 00D70023 SB a3, 0(a4)
11680: FEF616E3 BNE a5, a2, -20
1166C: 00F58733 ADD a4, a1, a5
11670: 00074683 LBU a3, 0(a4)
11674: 00F50733 ADD a4, a0, a5
11678: 00178793 ADDI a5, a5, 1
1167C: 00D70023 SB a3, 0(a4)
11680: FEF616E3 BNE a5, a2, -20
1166C: 00F58733 ADD a4, a1, a5
11670: 00074683 LBU a3, 0(a4)
11674: 00F50733 ADD a4, a0, a5
11678: 00178793 ADDI a5, a5, 1
1167C: 00D70023 SB a3, 0(a4)
11680: FEF616E3 BNE a5, a2, -20
1166C: 00F58733 ADD a4, a1, a5
11670: 00074683 LBU a3, 0(a4)
11674: 00F50733 ADD a4, a0, a5
11678: 00178793 ADDI a5, a5, 1
1167C: 00D70023 SB a3, 0(a4)
11680: FEF616E3 BNE a5, a2, -20
1166C: 00F58733 ADD a4, a1, a5
11670: 00074683 LBU a3, 0(a4)
11674: 00F50733 ADD a4, a0, a5
11678: 00178793 ADDI a5, a5, 1
1167C: 00D70023 SB a3, 0(a4)
11680: FEF616E3 BNE a5, a2, -20
1166C: 00F58733 ADD a4, a1, a5
11670: 00074683 LBU a3, 0(a4)
11674: 00F50733 ADD a4, a0, a5
11678: 00178793 ADDI a5, a5, 1
1167C: 00D70023 SB a3, 0(a4)
11680: FEF616E3 BNE a5, a2, -20
1166C: 00F58733 ADD a4, a1, a5
11670: 00074683 LBU a3, 0(a4)
11674: 00F50733 ADD a4, a0, a5
11678: 00178793 ADDI a5, a5, 1
1167C: 00D70023 SB a3, 0(a4)
11680: FEF616E3 BNE a5, a2, -20
1166C: 00F58733 ADD a4, a1, a5
11670: 00074683 LBU a3, 0(a4)
11674: 00F50733 ADD a4, a0, a5
11678: 00178793 ADDI a5, a5, 1
1167C: 00D70023 SB a3, 0(a4)
11680: FEF616E3 BNE a5, a2, -20
1166C: 00F58733 ADD a4, a1, a5
11670: 00074683 LBU a3, 0(a4)
11674: 00F50733 ADD a4, a0, a5
11678: 00178793 ADDI a5, a5, 1
1167C: 00D70023 SB a3, 0(a4)
11680: FEF616E3 BNE a5, a2, -20
11684: 00008067 JALR zero, ra, 0
10D6C: 00842783 LW a5, 8(s0)
10D70: 000C0493 ADDI s1, s8, 0
10D74: 418787B3 SUB a5, a5, s8
10D78: 00F42423 SW a5, 8(s0)
10D7C: 00042783 LW a5, 0(s0)
10D80: 018787B3 ADD a5, a5, s8
10D84: 00F42023 SW a5, 0(s0)
10D88: CB1FF06F JAL zero, -848
10A38: 409B8BB3 SUB s7, s7, s1
10A3C: 00100513 ADDI a0, zero, 1
10A40: 000B9A63 BNE zero, s7, 20
10A54: 008B2783 LW a5, 8(s6)
10A58: 009A8AB3 ADD s5, s5, s1
10A5C: 409989B3 SUB s3, s3, s1
10A60: 409784B3 SUB s1, a5, s1
10A64: 009B2423 SW s1, 8(s6)
10A68: F4049CE3 BNE zero, s1, -168
109C0: 36098463 BEQ zero, s3, 872
10D28: 000A2A83 LW s5, 0(s4)
10D2C: 004A2983 LW s3, 4(s4)
10D30: 00000513 ADDI a0, zero, 0
10D34: 008A0A13 ADDI s4, s4, 8
10D38: C89FF06F JAL zero, -888
109C0: 36098463 BEQ zero, s3, 872
109C4: 02051263 BNE zero, a0, 36
109C8: 00098613 ADDI a2, s3, 0
109CC: 00A00593 ADDI a1, zero, 10
109D0: 000A8513 ADDI a0, s5, 0
109D4: 365000EF JAL ra, 2916
11538: 0FF5F593 ANDI a1, a1, 255
1153C: 00C50633 ADD a2, a0, a2
11540: 00C51663 BNE a2, a0, 12
1154C: 00054783 LBU a5, 0(a0)
11550: FEB78CE3 BEQ a1, a5, -8
11548: 00008067 JALR zero, ra, 0
109D8: 00198B93 ADDI s7, s3, 1
109DC: 00050663 BEQ zero, a0, 12
109E0: 00150513 ADDI a0, a0, 1
109E4: 41550BB3 SUB s7, a0, s5
109E8: 000B8C13 ADDI s8, s7, 0
109EC: 0179F463 BGEU s7, s3, 8
109F4: 00042503 LW a0, 0(s0)
109F8: 01042783 LW a5, 16(s0)
109FC: 01442683 LW a3, 20(s0)
10A00: 32A7FE63 BGEU a0, a5, 828
10A04: 00842483 LW s1, 8(s0)
10A08: 009684B3 ADD s1, a3, s1
10A0C: 3384D863 BGE s8, s1, 816
10D3C: 02DC4263 BLT a3, s8, 36
10D60: 000C0613 ADDI a2, s8, 0
10D64: 000A8593 ADDI a1, s5, 0
10D68: 0CD000EF JAL ra, 2252
11634: 04A5FA63 BGEU a0, a1, 84
11688: 00000793 ADDI a5, zero, 0
1168C: FF5FF06F JAL zero, -12
11680: FEF616E3 BNE a5, a2, -20
1166C: 00F58733 ADD a4, a1, a5
11670: 00074683 LBU a3, 0(a4)
11674: 00F50733 ADD a4, a0, a5
11678: 00178793 ADDI a5, a5, 1
1167C: 00D70023 SB a3, 0(a4)
11680: FEF616E3 BNE a5, a2, -20
11684: 00008067 JALR zero, ra, 0
10D6C: 00842783 LW a5, 8(s0)
10D70: 000C0493 ADDI s1, s8, 0
10D74: 418787B3 SUB a5, a5, s8
10D78: 00F42423 SW a5, 8(s0)
10D7C: 00042783 LW a5, 0(s0)
10D80: 018787B3 ADD a5, a5, s8
10D84: 00F42023 SW a5, 0(s0)
10D88: CB1FF06F JAL zero, -848
10A38: 409B8BB3 SUB s7, s7, s1
10A3C: 00100513 ADDI a0, zero, 1
10A40: 000B9A63 BNE zero, s7, 20
10A44: 00040593 ADDI a1, s0, 0
10A48: 00090513 ADDI a0, s2, 0
10A4C: 7E0010EF JAL ra, 6112
1222C: FE010113 ADDI sp, sp, -32
12230: 00812C23 SW s0, 24(sp)
12234: 00112E23 SW ra, 28(sp)
12238: 00050413 ADDI s0, a0, 0
1223C: 00050C63 BEQ zero, a0, 24
12240: 03852783 LW a5, 56(a0)
12244: 00079863 BNE zero, a5, 16
12254: 00C59783 LH a5, 12(a1)
12258: 00078C63 BEQ zero, a5, 24
1225C: 00040513 ADDI a0, s0, 0
12260: 01812403 LW s0, 24(sp)
12264: 01C12083 LW ra, 28(sp)
12268: 02010113 ADDI sp, sp, 32
1226C: DB9FF06F JAL zero, -584
12024: 00C59783 LH a5, 12(a1)
12028: FE010113 ADDI sp, sp, -32
1202C: 00812C23 SW s0, 24(sp)
12030: 01079713 SLLI a4, a5, 16
12034: 01075713 SRLI a4, a4, 16
12038: 00912A23 SW s1, 20(sp)
1203C: 00112E23 SW ra, 28(sp)
12040: 01212823 SW s2, 16(sp)
12044: 01312623 SW s3, 12(sp)
12048: 00877693 ANDI a3, a4, 8
1204C: 00050493 ADDI s1, a0, 0
12050: 00058413 ADDI s0, a1, 0
12054: 16069C63 BNE zero, a3, 376
121CC: 0105A983 LW s3, 16(a1)
121D0: EA0984E3 BEQ zero, s3, -344
121D4: 0005A903 LW s2, 0(a1)
121D8: 00377713 ANDI a4, a4, 3
121DC: 0135A023 SW s3, 0(a1)
121E0: 41390933 SUB s2, s2, s3
121E4: 00000793 ADDI a5, zero, 0
121E8: 00071463 BNE zero, a4, 8
121F0: 00F42423 SW a5, 8(s0)
121F4: E92052E3 BGE s2, zero, -380
121F8: 02442783 LW a5, 36(s0)
121FC: 01C42583 LW a1, 28(s0)
12200: 00090693 ADDI a3, s2, 0
12204: 00098613 ADDI a2, s3, 0
12208: 00048513 ADDI a0, s1, 0
1220C: 000780E7 JALR ra, a5, 0
11C8C: 00C5D783 LHU a5, 12(a1)
11C90: FE010113 ADDI sp, sp, -32
11C94: 00812C23 SW s0, 24(sp)
11C98: 00912A23 SW s1, 20(sp)
11C9C: 01212823 SW s2, 16(sp)
11CA0: 01312623 SW s3, 12(sp)
11CA4: 00112E23 SW ra, 28(sp)
11CA8: 1007F793 ANDI a5, a5, 256
11CAC: 00050493 ADDI s1, a0, 0
11CB0: 00058413 ADDI s0, a1, 0
11CB4: 00060913 ADDI s2, a2, 0
11CB8: 00068993 ADDI s3, a3, 0
11CBC: 00078A63 BEQ zero, a5, 20
11CD0: 00C45783 LHU a5, 12(s0)
11CD4: FFFFF737 LUI a4, 1048575
11CD8: FFF70713 ADDI a4, a4, -1
11CDC: 00E7F7B3 AND a5, a5, a4
11CE0: 00F41623 SH a5, 12(s0)
11CE4: 00E41583 LH a1, 14(s0)
11CE8: 01812403 LW s0, 24(sp)
11CEC: 01C12083 LW ra, 28(sp)
11CF0: 00098693 ADDI a3, s3, 0
11CF4: 00090613 ADDI a2, s2, 0
11CF8: 00C12983 LW s3, 12(sp)
11CFC: 01012903 LW s2, 16(sp)
11D00: 00048513 ADDI a0, s1, 0
11D04: 01412483 LW s1, 20(sp)
11D08: 02010113 ADDI sp, sp, 32
11D0C: 0640006F JAL zero, 100
11D70: FF010113 ADDI sp, sp, -16
11D74: 00812423 SW s0, 8(sp)
11D78: 00912223 SW s1, 4(sp)
11D7C: 00050493 ADDI s1, a0, 0
11D80: 00058513 ADDI a0, a1, 0
11D84: 00060593 ADDI a1, a2, 0
11D88: 00068613 ADDI a2, a3, 0
11D8C: 00112623 SW ra, 12(sp)
11D90: 0801AC23 SW zero, 152(gp)
11D94: 715000EF JAL ra, 3860
12CA8: FF010113 ADDI sp, sp, -16
12CAC: 00112623 SW ra, 12(sp)
12CB0: 00812423 SW s0, 8(sp)
12CB4: 00000693 ADDI a3, zero, 0
12CB8: 00000713 ADDI a4, zero, 0
12CBC: 00000793 ADDI a5, zero, 0
12CC0: 04000893 ADDI a7, zero, 64
12CC4: 00000073 ECALL
hello world
12CC8: 00050413 ADDI s0, a0, 0
12CCC: 00055A63 BGE zero, a0, 20
12CE0: 00040513 ADDI a0, s0, 0
12CE4: 00C12083 LW ra, 12(sp)
12CE8: 00812403 LW s0, 8(sp)
12CEC: 01010113 ADDI sp, sp, 16
12CF0: 00008067 JALR zero, ra, 0
11D98: FFF00793 ADDI a5, zero, -1
11D9C: 00F51863 BNE a5, a0, 16
11DAC: 00C12083 LW ra, 12(sp)
11DB0: 00812403 LW s0, 8(sp)
11DB4: 00412483 LW s1, 4(sp)
11DB8: 01010113 ADDI sp, sp, 16
11DBC: 00008067 JALR zero, ra, 0
12210: 00A04863 BLT a0, zero, 16
12220: 00A989B3 ADD s3, s3, a0
12224: 40A90933 SUB s2, s2, a0
12228: FCDFF06F JAL zero, -52
121F4: E92052E3 BGE s2, zero, -380
12078: 00000513 ADDI a0, zero, 0
1207C: 01C12083 LW ra, 28(sp)
12080: 01812403 LW s0, 24(sp)
12084: 01412483 LW s1, 20(sp)
12088: 01012903 LW s2, 16(sp)
1208C: 00C12983 LW s3, 12(sp)
12090: 02010113 ADDI sp, sp, 32
12094: 00008067 JALR zero, ra, 0
10A50: 16051063 BNE zero, a0, 352
10A54: 008B2783 LW a5, 8(s6)
10A58: 009A8AB3 ADD s5, s5, s1
10A5C: 409989B3 SUB s3, s3, s1
10A60: 409784B3 SUB s1, a5, s1
10A64: 009B2423 SW s1, 8(s6)
10A68: F4049CE3 BNE zero, s1, -168
10A6C: 0680006F JAL zero, 104
10AD4: 00000793 ADDI a5, zero, 0
10AD8: 03C12083 LW ra, 60(sp)
10ADC: 03812403 LW s0, 56(sp)
10AE0: 03412483 LW s1, 52(sp)
10AE4: 03012903 LW s2, 48(sp)
10AE8: 02C12983 LW s3, 44(sp)
10AEC: 02812A03 LW s4, 40(sp)
10AF0: 02412A83 LW s5, 36(sp)
10AF4: 02012B03 LW s6, 32(sp)
10AF8: 01C12B83 LW s7, 28(sp)
10AFC: 01812C03 LW s8, 24(sp)
10B00: 01412C83 LW s9, 20(sp)
10B04: 01012D03 LW s10, 16(sp)
10B08: 00C12D83 LW s11, 12(sp)
10B0C: 00078513 ADDI a0, a5, 0
10B10: 04010113 ADDI sp, sp, 64
10B14: 00008067 JALR zero, ra, 0
1049C: FFF00793 ADDI a5, zero, -1
104A0: 00051463 BNE zero, a0, 8
104A4: 00A00793 ADDI a5, zero, 10
104A8: 03C12083 LW ra, 60(sp)
104AC: 03812403 LW s0, 56(sp)
104B0: 00078513 ADDI a0, a5, 0
104B4: 04010113 ADDI sp, sp, 64
104B8: 00008067 JALR zero, ra, 0
101B8: 00000793 ADDI a5, zero, 0
101BC: 00078513 ADDI a0, a5, 0
101C0: 00C12083 LW ra, 12(sp)
101C4: 00812403 LW s0, 8(sp)
101C8: 01010113 ADDI sp, sp, 16
101CC: 00008067 JALR zero, ra, 0
100B0: 1340006F JAL zero, 308
101E4: FF010113 ADDI sp, sp, -16
101E8: 00000593 ADDI a1, zero, 0
101EC: 00812423 SW s0, 8(sp)
101F0: 00112623 SW ra, 12(sp)
101F4: 00050413 ADDI s0, a0, 0
101F8: 368000EF JAL ra, 872
10560: FD010113 ADDI sp, sp, -48
10564: 01312E23 SW s3, 28(sp)
10568: 0301A983 LW s3, 48(gp)
1056C: 01412C23 SW s4, 24(sp)
10570: 01512A23 SW s5, 20(sp)
10574: 01612823 SW s6, 16(sp)
10578: 02112623 SW ra, 44(sp)
1057C: 02812423 SW s0, 40(sp)
10580: 02912223 SW s1, 36(sp)
10584: 03212023 SW s2, 32(sp)
10588: 01712623 SW s7, 12(sp)
1058C: 00050A93 ADDI s5, a0, 0
10590: 00058A13 ADDI s4, a1, 0
10594: 00100B13 ADDI s6, zero, 1
10598: 1489A483 LW s1, 328(s3)
1059C: 00048C63 BEQ zero, s1, 24
105A0: 0044A403 LW s0, 4(s1)
105A4: FFF40913 ADDI s2, s0, -1
105A8: 00241413 SLLI s0, s0, 2
105AC: 00848433 ADD s0, s1, s0
105B0: 02095863 BGE zero, s2, 48
105E0: 000A0C63 BEQ zero, s4, 24
105F8: 0044A703 LW a4, 4(s1)
105FC: 00442783 LW a5, 4(s0)
10600: FFF70713 ADDI a4, a4, -1
10604: 03271C63 BNE s2, a4, 56
10608: 0124A223 SW s2, 4(s1)
1060C: FE0780E3 BEQ zero, a5, -32
10610: 1884A683 LW a3, 392(s1)
10614: 012B1733 SLL a4, s6, s2
10618: 0044AB83 LW s7, 4(s1)
1061C: 00D776B3 AND a3, a4, a3
10620: 02069263 BNE zero, a3, 36
10624: 000780E7 JALR ra, a5, 0
10214: FF010113 ADDI sp, sp, -16
10218: 000137B7 LUI a5, 19
1021C: 00812423 SW s0, 8(sp)
10220: 00013437 LUI s0, 19
10224: 00878713 ADDI a4, a5, 8
10228: 00C40413 ADDI s0, s0, 12
1022C: 40E40433 SUB s0, s0, a4
10230: 00912223 SW s1, 4(sp)
10234: 00112623 SW ra, 12(sp)
10238: 40245413 SRAI s0, s0, 1026
1023C: 00878493 ADDI s1, a5, 8
10240: 00041C63 BNE zero, s0, 24
10258: FFF40413 ADDI s0, s0, -1
1025C: 00241793 SLLI a5, s0, 2
10260: 00F487B3 ADD a5, s1, a5
10264: 0007A783 LW a5, 0(a5)
10268: 000780E7 JALR ra, a5, 0
10114: 0541C703 LBU a4, 84(gp)
10118: 04071663 BNE zero, a4, 76
1011C: FF010113 ADDI sp, sp, -16
10120: 00812423 SW s0, 8(sp)
10124: 00112623 SW ra, 12(sp)
10128: 00078413 ADDI s0, a5, 0
1012C: F8DFF0EF JAL ra, -116
100B8: 03018713 ADDI a4, gp, 48
100BC: 03018793 ADDI a5, gp, 48
100C0: 00E78C63 BEQ a4, a5, 24
100D8: 00008067 JALR zero, ra, 0
10130: 000007B7 LUI a5, 0
10134: 00078793 ADDI a5, a5, 0
10138: 00078A63 BEQ zero, a5, 20
1014C: 00100793 ADDI a5, zero, 1
10150: 04F18A23 SB a5, 84(gp)
10154: 00C12083 LW ra, 12(sp)
10158: 00812403 LW s0, 8(sp)
1015C: 01010113 ADDI sp, sp, 16
10160: 00008067 JALR zero, ra, 0
1026C: FD5FF06F JAL zero, -44
10240: 00041C63 BNE zero, s0, 24
10244: 00812403 LW s0, 8(sp)
10248: 00C12083 LW ra, 12(sp)
1024C: 00412483 LW s1, 4(sp)
10250: 01010113 ADDI sp, sp, 16
10254: E61FF06F JAL zero, -416
100B4: 00008067 JALR zero, ra, 0
10628: 0044A783 LW a5, 4(s1)
1062C: F77796E3 BNE s7, a5, -148
10630: 1489A783 LW a5, 328(s3)
10634: FA978CE3 BEQ s1, a5, -72
105EC: FFF90913 ADDI s2, s2, -1
105F0: FFC40413 ADDI s0, s0, -4
105F4: FBDFF06F JAL zero, -68
105B0: 02095863 BGE zero, s2, 48
105B4: 02C12083 LW ra, 44(sp)
105B8: 02812403 LW s0, 40(sp)
105BC: 02412483 LW s1, 36(sp)
105C0: 02012903 LW s2, 32(sp)
105C4: 01C12983 LW s3, 28(sp)
105C8: 01812A03 LW s4, 24(sp)
105CC: 01412A83 LW s5, 20(sp)
105D0: 01012B03 LW s6, 16(sp)
105D4: 00C12B83 LW s7, 12(sp)
105D8: 03010113 ADDI sp, sp, 48
105DC: 00008067 JALR zero, ra, 0
101FC: 0301A503 LW a0, 48(gp)
10200: 03C52783 LW a5, 60(a0)
10204: 00078463 BEQ zero, a5, 8
10208: 000780E7 JALR ra, a5, 0
106FC: 000125B7 LUI a1, 18
10700: F3C58593 ADDI a1, a1, -196
10704: 7280006F JAL zero, 1832
10E2C: FD010113 ADDI sp, sp, -48
10E30: 02812423 SW s0, 40(sp)
10E34: 03212023 SW s2, 32(sp)
10E38: 01412C23 SW s4, 24(sp)
10E3C: 01512A23 SW s5, 20(sp)
10E40: 01612823 SW s6, 16(sp)
10E44: 01712623 SW s7, 12(sp)
10E48: 02112623 SW ra, 44(sp)
10E4C: 02912223 SW s1, 36(sp)
10E50: 01312E23 SW s3, 28(sp)
10E54: 00050A13 ADDI s4, a0, 0
10E58: 00058A93 ADDI s5, a1, 0
10E5C: 2E050413 ADDI s0, a0, 736
10E60: 00000913 ADDI s2, zero, 0
10E64: 00100B13 ADDI s6, zero, 1
10E68: FFF00B93 ADDI s7, zero, -1
10E6C: 02041A63 BNE zero, s0, 52
10EA0: 00842483 LW s1, 8(s0)
10EA4: 00442983 LW s3, 4(s0)
10EA8: FFF98993 ADDI s3, s3, -1
10EAC: 0009D663 BGE zero, s3, 12
10EB8: 00C4D783 LHU a5, 12(s1)
10EBC: 00FB7E63 BGEU a5, s6, 28
10EC0: 00E49783 LH a5, 14(s1)
10EC4: 01778A63 BEQ s7, a5, 20
10EC8: 00048593 ADDI a1, s1, 0
10ECC: 000A0513 ADDI a0, s4, 0
10ED0: 000A80E7 JALR ra, s5, 0
11F3C: FF010113 ADDI sp, sp, -16
11F40: 00112623 SW ra, 12(sp)
11F44: 00812423 SW s0, 8(sp)
11F48: 00912223 SW s1, 4(sp)
11F4C: 01212023 SW s2, 0(sp)
11F50: 02059263 BNE zero, a1, 36
11F74: 00050493 ADDI s1, a0, 0
11F78: 00058413 ADDI s0, a1, 0
11F7C: 00050863 BEQ zero, a0, 16
11F80: 03852783 LW a5, 56(a0)
11F84: 00079463 BNE zero, a5, 8
11F8C: 00C41783 LH a5, 12(s0)
11F90: FC0782E3 BEQ zero, a5, -60
11F94: 00040593 ADDI a1, s0, 0
11F98: 00048513 ADDI a0, s1, 0
11F9C: 088000EF JAL ra, 136
12024: 00C59783 LH a5, 12(a1)
12028: FE010113 ADDI sp, sp, -32
1202C: 00812C23 SW s0, 24(sp)
12030: 01079713 SLLI a4, a5, 16
12034: 01075713 SRLI a4, a4, 16
12038: 00912A23 SW s1, 20(sp)
1203C: 00112E23 SW ra, 28(sp)
12040: 01212823 SW s2, 16(sp)
12044: 01312623 SW s3, 12(sp)
12048: 00877693 ANDI a3, a4, 8
1204C: 00050493 ADDI s1, a0, 0
12050: 00058413 ADDI s0, a1, 0
12054: 16069C63 BNE zero, a3, 376
12058: 00001737 LUI a4, 1
1205C: 80070713 ADDI a4, a4, -2048
12060: 00E7E7B3 OR a5, a5, a4
12064: 0045A703 LW a4, 4(a1)
12068: 00F59623 SH a5, 12(a1)
1206C: 02E04663 BLT a4, zero, 44
12070: 03C5A703 LW a4, 60(a1)
12074: 02E04263 BLT a4, zero, 36
12078: 00000513 ADDI a0, zero, 0
1207C: 01C12083 LW ra, 28(sp)
12080: 01812403 LW s0, 24(sp)
12084: 01412483 LW s1, 20(sp)
12088: 01012903 LW s2, 16(sp)
1208C: 00C12983 LW s3, 12(sp)
12090: 02010113 ADDI sp, sp, 32
12094: 00008067 JALR zero, ra, 0
11FA0: 02C42783 LW a5, 44(s0)
11FA4: 00050913 ADDI s2, a0, 0
11FA8: 00078C63 BEQ zero, a5, 24
11FAC: 01C42583 LW a1, 28(s0)
11FB0: 00048513 ADDI a0, s1, 0
11FB4: 000780E7 JALR ra, a5, 0
11D68: 00E59583 LH a1, 14(a1)
11D6C: 1880006F JAL zero, 392
11EF4: FF010113 ADDI sp, sp, -16
11EF8: 00812423 SW s0, 8(sp)
11EFC: 00912223 SW s1, 4(sp)
11F00: 00050493 ADDI s1, a0, 0
11F04: 00058513 ADDI a0, a1, 0
11F08: 00112623 SW ra, 12(sp)
11F0C: 0801AC23 SW zero, 152(gp)
11F10: 2FD000EF JAL ra, 2812
12A0C: FF010113 ADDI sp, sp, -16
12A10: 00112623 SW ra, 12(sp)
12A14: 00812423 SW s0, 8(sp)
12A18: 00000593 ADDI a1, zero, 0
12A1C: 00000613 ADDI a2, zero, 0
12A20: 00000693 ADDI a3, zero, 0
12A24: 00000713 ADDI a4, zero, 0
12A28: 00000793 ADDI a5, zero, 0
12A2C: 03900893 ADDI a7, zero, 57
12A30: 00000073 ECALL
12A34: 00050413 ADDI s0, a0, 0
12A38: 00055A63 BGE zero, a0, 20
12A4C: 00040513 ADDI a0, s0, 0
12A50: 00C12083 LW ra, 12(sp)
12A54: 00812403 LW s0, 8(sp)
12A58: 01010113 ADDI sp, sp, 16
12A5C: 00008067 JALR zero, ra, 0
11F14: FFF00793 ADDI a5, zero, -1
11F18: 00F51863 BNE a5, a0, 16
11F28: 00C12083 LW ra, 12(sp)
11F2C: 00812403 LW s0, 8(sp)
11F30: 00412483 LW s1, 4(sp)
11F34: 01010113 ADDI sp, sp, 16
11F38: 00008067 JALR zero, ra, 0
11FB8: 00055463 BGE zero, a0, 8
11FC0: 00C45783 LHU a5, 12(s0)
11FC4: 0807F793 ANDI a5, a5, 128
11FC8: 00078863 BEQ zero, a5, 16
11FD8: 03042583 LW a1, 48(s0)
11FDC: 00058C63 BEQ zero, a1, 24
11FF4: 04442583 LW a1, 68(s0)
11FF8: 00058863 BEQ zero, a1, 16
12008: 8F5FE0EF JAL ra, -5900
108FC: 00008067 JALR zero, ra, 0
1200C: 00041623 SH zero, 12(s0)
12010: 8F1FE0EF JAL ra, -5904
10900: 00008067 JALR zero, ra, 0
12014: F45FF06F JAL zero, -188
11F58: 00C12083 LW ra, 12(sp)
11F5C: 00812403 LW s0, 8(sp)
11F60: 00090513 ADDI a0, s2, 0
11F64: 00412483 LW s1, 4(sp)
11F68: 00012903 LW s2, 0(sp)
11F6C: 01010113 ADDI sp, sp, 16
11F70: 00008067 JALR zero, ra, 0
10ED4: 00A96933 OR s2, s2, a0
10ED8: 06848493 ADDI s1, s1, 104
10EDC: FCDFF06F JAL zero, -52
10EA8: FFF98993 ADDI s3, s3, -1
10EAC: 0009D663 BGE zero, s3, 12
10EB8: 00C4D783 LHU a5, 12(s1)
10EBC: 00FB7E63 BGEU a5, s6, 28
10EC0: 00E49783 LH a5, 14(s1)
10EC4: 01778A63 BEQ s7, a5, 20
10EC8: 00048593 ADDI a1, s1, 0
10ECC: 000A0513 ADDI a0, s4, 0
10ED0: 000A80E7 JALR ra, s5, 0
11F3C: FF010113 ADDI sp, sp, -16
11F40: 00112623 SW ra, 12(sp)
11F44: 00812423 SW s0, 8(sp)
11F48: 00912223 SW s1, 4(sp)
11F4C: 01212023 SW s2, 0(sp)
11F50: 02059263 BNE zero, a1, 36
11F74: 00050493 ADDI s1, a0, 0
11F78: 00058413 ADDI s0, a1, 0
11F7C: 00050863 BEQ zero, a0, 16
11F80: 03852783 LW a5, 56(a0)
11F84: 00079463 BNE zero, a5, 8
11F8C: 00C41783 LH a5, 12(s0)
11F90: FC0782E3 BEQ zero, a5, -60
11F94: 00040593 ADDI a1, s0, 0
11F98: 00048513 ADDI a0, s1, 0
11F9C: 088000EF JAL ra, 136
12024: 00C59783 LH a5, 12(a1)
12028: FE010113 ADDI sp, sp, -32
1202C: 00812C23 SW s0, 24(sp)
12030: 01079713 SLLI a4, a5, 16
12034: 01075713 SRLI a4, a4, 16
12038: 00912A23 SW s1, 20(sp)
1203C: 00112E23 SW ra, 28(sp)
12040: 01212823 SW s2, 16(sp)
12044: 01312623 SW s3, 12(sp)
12048: 00877693 ANDI a3, a4, 8
1204C: 00050493 ADDI s1, a0, 0
12050: 00058413 ADDI s0, a1, 0
12054: 16069C63 BNE zero, a3, 376
121CC: 0105A983 LW s3, 16(a1)
121D0: EA0984E3 BEQ zero, s3, -344
121D4: 0005A903 LW s2, 0(a1)
121D8: 00377713 ANDI a4, a4, 3
121DC: 0135A023 SW s3, 0(a1)
121E0: 41390933 SUB s2, s2, s3
121E4: 00000793 ADDI a5, zero, 0
121E8: 00071463 BNE zero, a4, 8
121F0: 00F42423 SW a5, 8(s0)
121F4: E92052E3 BGE s2, zero, -380
12078: 00000513 ADDI a0, zero, 0
1207C: 01C12083 LW ra, 28(sp)
12080: 01812403 LW s0, 24(sp)
12084: 01412483 LW s1, 20(sp)
12088: 01012903 LW s2, 16(sp)
1208C: 00C12983 LW s3, 12(sp)
12090: 02010113 ADDI sp, sp, 32
12094: 00008067 JALR zero, ra, 0
11FA0: 02C42783 LW a5, 44(s0)
11FA4: 00050913 ADDI s2, a0, 0
11FA8: 00078C63 BEQ zero, a5, 24
11FAC: 01C42583 LW a1, 28(s0)
11FB0: 00048513 ADDI a0, s1, 0
11FB4: 000780E7 JALR ra, a5, 0
11D68: 00E59583 LH a1, 14(a1)
11D6C: 1880006F JAL zero, 392
11EF4: FF010113 ADDI sp, sp, -16
11EF8: 00812423 SW s0, 8(sp)
11EFC: 00912223 SW s1, 4(sp)
11F00: 00050493 ADDI s1, a0, 0
11F04: 00058513 ADDI a0, a1, 0
11F08: 00112623 SW ra, 12(sp)
11F0C: 0801AC23 SW zero, 152(gp)
11F10: 2FD000EF JAL ra, 2812
12A0C: FF010113 ADDI sp, sp, -16
12A10: 00112623 SW ra, 12(sp)
12A14: 00812423 SW s0, 8(sp)
12A18: 00000593 ADDI a1, zero, 0
12A1C: 00000613 ADDI a2, zero, 0
12A20: 00000693 ADDI a3, zero, 0
12A24: 00000713 ADDI a4, zero, 0
12A28: 00000793 ADDI a5, zero, 0
12A2C: 03900893 ADDI a7, zero, 57
12A30: 00000073 ECALL
12A34: 00050413 ADDI s0, a0, 0
12A38: 00055A63 BGE zero, a0, 20
12A4C: 00040513 ADDI a0, s0, 0
12A50: 00C12083 LW ra, 12(sp)
12A54: 00812403 LW s0, 8(sp)
12A58: 01010113 ADDI sp, sp, 16
12A5C: 00008067 JALR zero, ra, 0
11F14: FFF00793 ADDI a5, zero, -1
11F18: 00F51863 BNE a5, a0, 16
11F28: 00C12083 LW ra, 12(sp)
11F2C: 00812403 LW s0, 8(sp)
11F30: 00412483 LW s1, 4(sp)
11F34: 01010113 ADDI sp, sp, 16
11F38: 00008067 JALR zero, ra, 0
11FB8: 00055463 BGE zero, a0, 8
11FC0: 00C45783 LHU a5, 12(s0)
11FC4: 0807F793 ANDI a5, a5, 128
11FC8: 00078863 BEQ zero, a5, 16
11FCC: 01042583 LW a1, 16(s0)
11FD0: 00048513 ADDI a0, s1, 0
11FD4: 3D8000EF JAL ra, 984
123AC: 24058663 BEQ zero, a1, 588
123B0: FF010113 ADDI sp, sp, -16
123B4: 00812423 SW s0, 8(sp)
123B8: 00912223 SW s1, 4(sp)
123BC: 00050413 ADDI s0, a0, 0
123C0: 00058493 ADDI s1, a1, 0
123C4: 00112623 SW ra, 12(sp)
123C8: AC8FF0EF JAL ra, -3384
11690: 00008067 JALR zero, ra, 0
123CC: FFC4A503 LW a0, -4(s1)
123D0: FF848693 ADDI a3, s1, -8
123D4: FFE57793 ANDI a5, a0, -2
123D8: C2818813 ADDI a6, gp, -984
123DC: 00F685B3 ADD a1, a3, a5
123E0: 0045A703 LW a4, 4(a1)
123E4: 00882803 LW a6, 8(a6)
123E8: C2818613 ADDI a2, gp, -984
123EC: FFC77713 ANDI a4, a4, -4
123F0: 00157513 ANDI a0, a0, 1
123F4: 06B81063 BNE a1, a6, 96
123F8: 00E787B3 ADD a5, a5, a4
123FC: 02051063 BNE zero, a0, 32
1241C: 0017E713 ORI a4, a5, 1
12420: 00E6A223 SW a4, 4(a3)
12424: 0401A703 LW a4, 64(gp)
12428: 00D62423 SW a3, 8(a2)
1242C: 00E7E863 BLTU a4, a5, 16
1243C: 00040513 ADDI a0, s0, 0
12440: 00812403 LW s0, 8(sp)
12444: 00C12083 LW ra, 12(sp)
12448: 00412483 LW s1, 4(sp)
1244C: 01010113 ADDI sp, sp, 16
12450: A44FF06F JAL zero, -3516
11694: 00008067 JALR zero, ra, 0
11FD8: 03042583 LW a1, 48(s0)
11FDC: 00058C63 BEQ zero, a1, 24
11FF4: 04442583 LW a1, 68(s0)
11FF8: 00058863 BEQ zero, a1, 16
12008: 8F5FE0EF JAL ra, -5900
108FC: 00008067 JALR zero, ra, 0
1200C: 00041623 SH zero, 12(s0)
12010: 8F1FE0EF JAL ra, -5904
10900: 00008067 JALR zero, ra, 0
12014: F45FF06F JAL zero, -188
11F58: 00C12083 LW ra, 12(sp)
11F5C: 00812403 LW s0, 8(sp)
11F60: 00090513 ADDI a0, s2, 0
11F64: 00412483 LW s1, 4(sp)
11F68: 00012903 LW s2, 0(sp)
11F6C: 01010113 ADDI sp, sp, 16
11F70: 00008067 JALR zero, ra, 0
10ED4: 00A96933 OR s2, s2, a0
10ED8: 06848493 ADDI s1, s1, 104
10EDC: FCDFF06F JAL zero, -52
10EA8: FFF98993 ADDI s3, s3, -1
10EAC: 0009D663 BGE zero, s3, 12
10EB8: 00C4D783 LHU a5, 12(s1)
10EBC: 00FB7E63 BGEU a5, s6, 28
10EC0: 00E49783 LH a5, 14(s1)
10EC4: 01778A63 BEQ s7, a5, 20
10EC8: 00048593 ADDI a1, s1, 0
10ECC: 000A0513 ADDI a0, s4, 0
10ED0: 000A80E7 JALR ra, s5, 0
11F3C: FF010113 ADDI sp, sp, -16
11F40: 00112623 SW ra, 12(sp)
11F44: 00812423 SW s0, 8(sp)
11F48: 00912223 SW s1, 4(sp)
11F4C: 01212023 SW s2, 0(sp)
11F50: 02059263 BNE zero, a1, 36
11F74: 00050493 ADDI s1, a0, 0
11F78: 00058413 ADDI s0, a1, 0
11F7C: 00050863 BEQ zero, a0, 16
11F80: 03852783 LW a5, 56(a0)
11F84: 00079463 BNE zero, a5, 8
11F8C: 00C41783 LH a5, 12(s0)
11F90: FC0782E3 BEQ zero, a5, -60
11F94: 00040593 ADDI a1, s0, 0
11F98: 00048513 ADDI a0, s1, 0
11F9C: 088000EF JAL ra, 136
12024: 00C59783 LH a5, 12(a1)
12028: FE010113 ADDI sp, sp, -32
1202C: 00812C23 SW s0, 24(sp)
12030: 01079713 SLLI a4, a5, 16
12034: 01075713 SRLI a4, a4, 16
12038: 00912A23 SW s1, 20(sp)
1203C: 00112E23 SW ra, 28(sp)
12040: 01212823 SW s2, 16(sp)
12044: 01312623 SW s3, 12(sp)
12048: 00877693 ANDI a3, a4, 8
1204C: 00050493 ADDI s1, a0, 0
12050: 00058413 ADDI s0, a1, 0
12054: 16069C63 BNE zero, a3, 376
12058: 00001737 LUI a4, 1
1205C: 80070713 ADDI a4, a4, -2048
12060: 00E7E7B3 OR a5, a5, a4
12064: 0045A703 LW a4, 4(a1)
12068: 00F59623 SH a5, 12(a1)
1206C: 02E04663 BLT a4, zero, 44
12070: 03C5A703 LW a4, 60(a1)
12074: 02E04263 BLT a4, zero, 36
12078: 00000513 ADDI a0, zero, 0
1207C: 01C12083 LW ra, 28(sp)
12080: 01812403 LW s0, 24(sp)
12084: 01412483 LW s1, 20(sp)
12088: 01012903 LW s2, 16(sp)
1208C: 00C12983 LW s3, 12(sp)
12090: 02010113 ADDI sp, sp, 32
12094: 00008067 JALR zero, ra, 0
11FA0: 02C42783 LW a5, 44(s0)
11FA4: 00050913 ADDI s2, a0, 0
11FA8: 00078C63 BEQ zero, a5, 24
11FAC: 01C42583 LW a1, 28(s0)
11FB0: 00048513 ADDI a0, s1, 0
11FB4: 000780E7 JALR ra, a5, 0
11D68: 00E59583 LH a1, 14(a1)
11D6C: 1880006F JAL zero, 392
11EF4: FF010113 ADDI sp, sp, -16
11EF8: 00812423 SW s0, 8(sp)
11EFC: 00912223 SW s1, 4(sp)
11F00: 00050493 ADDI s1, a0, 0
11F04: 00058513 ADDI a0, a1, 0
11F08: 00112623 SW ra, 12(sp)
11F0C: 0801AC23 SW zero, 152(gp)
11F10: 2FD000EF JAL ra, 2812
12A0C: FF010113 ADDI sp, sp, -16
12A10: 00112623 SW ra, 12(sp)
12A14: 00812423 SW s0, 8(sp)
12A18: 00000593 ADDI a1, zero, 0
12A1C: 00000613 ADDI a2, zero, 0
12A20: 00000693 ADDI a3, zero, 0
12A24: 00000713 ADDI a4, zero, 0
12A28: 00000793 ADDI a5, zero, 0
12A2C: 03900893 ADDI a7, zero, 57
12A30: 00000073 ECALL
12A34: 00050413 ADDI s0, a0, 0
12A38: 00055A63 BGE zero, a0, 20
12A4C: 00040513 ADDI a0, s0, 0
12A50: 00C12083 LW ra, 12(sp)
12A54: 00812403 LW s0, 8(sp)
12A58: 01010113 ADDI sp, sp, 16
12A5C: 00008067 JALR zero, ra, 0
11F14: FFF00793 ADDI a5, zero, -1
11F18: 00F51863 BNE a5, a0, 16
11F28: 00C12083 LW ra, 12(sp)
11F2C: 00812403 LW s0, 8(sp)
11F30: 00412483 LW s1, 4(sp)
11F34: 01010113 ADDI sp, sp, 16
11F38: 00008067 JALR zero, ra, 0
11FB8: 00055463 BGE zero, a0, 8
11FC0: 00C45783 LHU a5, 12(s0)
11FC4: 0807F793 ANDI a5, a5, 128
11FC8: 00078863 BEQ zero, a5, 16
11FD8: 03042583 LW a1, 48(s0)
11FDC: 00058C63 BEQ zero, a1, 24
11FF4: 04442583 LW a1, 68(s0)
11FF8: 00058863 BEQ zero, a1, 16
12008: 8F5FE0EF JAL ra, -5900
108FC: 00008067 JALR zero, ra, 0
1200C: 00041623 SH zero, 12(s0)
12010: 8F1FE0EF JAL ra, -5904
10900: 00008067 JALR zero, ra, 0
12014: F45FF06F JAL zero, -188
11F58: 00C12083 LW ra, 12(sp)
11F5C: 00812403 LW s0, 8(sp)
11F60: 00090513 ADDI a0, s2, 0
11F64: 00412483 LW s1, 4(sp)
11F68: 00012903 LW s2, 0(sp)
11F6C: 01010113 ADDI sp, sp, 16
11F70: 00008067 JALR zero, ra, 0
10ED4: 00A96933 OR s2, s2, a0
10ED8: 06848493 ADDI s1, s1, 104
10EDC: FCDFF06F JAL zero, -52
10EA8: FFF98993 ADDI s3, s3, -1
10EAC: 0009D663 BGE zero, s3, 12
10EB0: 00042403 LW s0, 0(s0)
10EB4: FB9FF06F JAL zero, -72
10E6C: 02041A63 BNE zero, s0, 52
10E70: 02C12083 LW ra, 44(sp)
10E74: 02812403 LW s0, 40(sp)
10E78: 00090513 ADDI a0, s2, 0
10E7C: 02412483 LW s1, 36(sp)
10E80: 02012903 LW s2, 32(sp)
10E84: 01C12983 LW s3, 28(sp)
10E88: 01812A03 LW s4, 24(sp)
10E8C: 01412A83 LW s5, 20(sp)
10E90: 01012B03 LW s6, 16(sp)
10E94: 00C12B83 LW s7, 12(sp)
10E98: 03010113 ADDI sp, sp, 48
10E9C: 00008067 JALR zero, ra, 0
1020C: 00040513 ADDI a0, s0, 0
10210: 051020EF JAL ra, 10320
12A60: 00000593 ADDI a1, zero, 0
12A64: 00000613 ADDI a2, zero, 0
12A68: 00000693 ADDI a3, zero, 0
12A6C: 00000713 ADDI a4, zero, 0
12A70: 00000793 ADDI a5, zero, 0
12A74: 05D00893 ADDI a7, zero, 93
12A78: 00000073 ECALL
Program exited with code: 0
